<?xml version="1.0" encoding="UTF-8"?>
<coverage generated="1733041696223" clover="3.2.0">
  <project timestamp="1733041696223" name="All files">
    <metrics statements="65" coveredstatements="39" conditionals="6" coveredconditionals="2" methods="22" coveredmethods="12" elements="93" coveredelements="53" complexity="0" loc="65" ncloc="65" packages="3" files="9" classes="9"/>
    <package name="components">
      <metrics statements="31" coveredstatements="26" conditionals="4" coveredconditionals="2" methods="11" coveredmethods="9"/>
      <file name="BigHeader.jsx" path="E:\MySkill\Lumoshive\Bootcamp\projects\project8\lumoshive-blog\src\components\BigHeader.jsx">
        <metrics statements="3" coveredstatements="3" conditionals="0" coveredconditionals="0" methods="1" coveredmethods="1"/>
        <line num="4" count="1" type="stmt"/>
        <line num="5" count="1" type="stmt"/>
        <line num="14" count="1" type="stmt"/>
      </file>
      <file name="Card.jsx" path="E:\MySkill\Lumoshive\Bootcamp\projects\project8\lumoshive-blog\src\components\Card.jsx">
        <metrics statements="6" coveredstatements="6" conditionals="0" coveredconditionals="0" methods="2" coveredmethods="2"/>
        <line num="6" count="1" type="stmt"/>
        <line num="7" count="2" type="stmt"/>
        <line num="8" count="2" type="stmt"/>
        <line num="9" count="1" type="stmt"/>
        <line num="11" count="2" type="stmt"/>
        <line num="39" count="1" type="stmt"/>
      </file>
      <file name="CardSkeleton.jsx" path="E:\MySkill\Lumoshive\Bootcamp\projects\project8\lumoshive-blog\src\components\CardSkeleton.jsx">
        <metrics statements="2" coveredstatements="2" conditionals="0" coveredconditionals="0" methods="1" coveredmethods="1"/>
        <line num="3" count="1" type="stmt"/>
        <line num="4" count="1" type="stmt"/>
      </file>
      <file name="MyHelmet.jsx" path="E:\MySkill\Lumoshive\Bootcamp\projects\project8\lumoshive-blog\src\components\MyHelmet.jsx">
        <metrics statements="5" coveredstatements="5" conditionals="0" coveredconditionals="0" methods="1" coveredmethods="1"/>
        <line num="6" count="1" type="stmt"/>
        <line num="7" count="1" type="stmt"/>
        <line num="8" count="1" type="stmt"/>
        <line num="9" count="1" type="stmt"/>
        <line num="28" count="1" type="stmt"/>
      </file>
      <file name="SubscribeForm.jsx" path="E:\MySkill\Lumoshive\Bootcamp\projects\project8\lumoshive-blog\src\components\SubscribeForm.jsx">
        <metrics statements="15" coveredstatements="10" conditionals="4" coveredconditionals="2" methods="6" coveredmethods="4"/>
        <line num="6" count="1" type="stmt"/>
        <line num="7" count="18" type="stmt"/>
        <line num="8" count="18" type="stmt"/>
        <line num="9" count="20" type="stmt"/>
        <line num="12" count="18" type="stmt"/>
        <line num="13" count="18" type="stmt"/>
        <line num="14" count="0" type="stmt"/>
        <line num="15" count="0" type="stmt"/>
        <line num="16" count="0" type="stmt"/>
        <line num="19" count="18" type="stmt"/>
        <line num="20" count="2" type="cond" truecount="1" falsecount="1"/>
        <line num="21" count="0" type="stmt"/>
        <line num="25" count="18" type="stmt"/>
        <line num="35" count="0" type="stmt"/>
        <line num="46" count="16" type="stmt"/>
      </file>
    </package>
    <package name="redux">
      <metrics statements="2" coveredstatements="2" conditionals="0" coveredconditionals="0" methods="1" coveredmethods="1"/>
      <file name="store.js" path="E:\MySkill\Lumoshive\Bootcamp\projects\project8\lumoshive-blog\src\redux\store.js">
        <metrics statements="2" coveredstatements="2" conditionals="0" coveredconditionals="0" methods="1" coveredmethods="1"/>
        <line num="6" count="1" type="stmt"/>
        <line num="12" count="1" type="stmt"/>
      </file>
    </package>
    <package name="redux.slices">
      <metrics statements="32" coveredstatements="11" conditionals="2" coveredconditionals="0" methods="10" coveredmethods="2"/>
      <file name="blogSlice.js" path="E:\MySkill\Lumoshive\Bootcamp\projects\project8\lumoshive-blog\src\redux\slices\blogSlice.js">
        <metrics statements="6" coveredstatements="3" conditionals="0" coveredconditionals="0" methods="4" coveredmethods="1"/>
        <line num="3" count="1" type="stmt"/>
        <line num="8" count="1" type="stmt"/>
        <line num="10" count="0" type="stmt"/>
        <line num="13" count="0" type="stmt"/>
        <line num="16" count="0" type="stmt"/>
        <line num="20" count="1" type="stmt"/>
      </file>
      <file name="dataSlice.js" path="E:\MySkill\Lumoshive\Bootcamp\projects\project8\lumoshive-blog\src\redux\slices\dataSlice.js">
        <metrics statements="4" coveredstatements="3" conditionals="0" coveredconditionals="0" methods="1" coveredmethods="0"/>
        <line num="3" count="1" type="stmt"/>
        <line num="7" count="1" type="stmt"/>
        <line num="12" count="0" type="stmt"/>
        <line num="16" count="1" type="stmt"/>
      </file>
      <file name="subscribeSlice.js" path="E:\MySkill\Lumoshive\Bootcamp\projects\project8\lumoshive-blog\src\redux\slices\subscribeSlice.js">
        <metrics statements="22" coveredstatements="5" conditionals="2" coveredconditionals="0" methods="5" coveredmethods="1"/>
        <line num="4" count="1" type="stmt"/>
        <line num="11" count="1" type="stmt"/>
        <line num="13" count="1" type="stmt"/>
        <line num="16" count="0" type="stmt"/>
        <line num="17" count="0" type="stmt"/>
        <line num="18" count="0" type="stmt"/>
        <line num="20" count="0" type="cond" truecount="0" falsecount="2"/>
        <line num="21" count="0" type="stmt"/>
        <line num="27" count="1" type="stmt"/>
        <line num="31" count="1" type="stmt"/>
        <line num="32" count="0" type="stmt"/>
        <line num="33" count="0" type="stmt"/>
        <line num="34" count="0" type="stmt"/>
        <line num="35" count="0" type="stmt"/>
        <line num="38" count="0" type="stmt"/>
        <line num="39" count="0" type="stmt"/>
        <line num="40" count="0" type="stmt"/>
        <line num="41" count="0" type="stmt"/>
        <line num="44" count="0" type="stmt"/>
        <line num="45" count="0" type="stmt"/>
        <line num="46" count="0" type="stmt"/>
        <line num="47" count="0" type="stmt"/>
      </file>
    </package>
  </project>
</coverage>
