{"E:\\MySkill\\Lumoshive\\Bootcamp\\projects\\project8\\lumoshive-blog\\src\\components\\BigHeader.jsx": {"path":"E:\\MySkill\\Lumoshive\\Bootcamp\\projects\\project8\\lumoshive-blog\\src\\components\\BigHeader.jsx","statementMap":{"0":{"start":{"line":4,"column":18},"end":{"line":12,"column":1}},"1":{"start":{"line":5,"column":2},"end":{"line":11,"column":4}},"2":{"start":{"line":14,"column":0},"end":{"line":16,"column":2}}},"fnMap":{"0":{"name":"(anonymous_0)","decl":{"start":{"line":4,"column":18},"end":{"line":4,"column":19}},"loc":{"start":{"line":4,"column":34},"end":{"line":12,"column":1}},"line":4}},"branchMap":{},"s":{"0":1,"1":1,"2":1},"f":{"0":1},"b":{},"_coverageSchema":"1a1c01bbd47fc00a2c39e90264f33305004495a9","hash":"5e71fe9c9fb8ebd2a4bc921ce4d0d9d7d4583058"}
,"E:\\MySkill\\Lumoshive\\Bootcamp\\projects\\project8\\lumoshive-blog\\src\\components\\Card.jsx": {"path":"E:\\MySkill\\Lumoshive\\Bootcamp\\projects\\project8\\lumoshive-blog\\src\\components\\Card.jsx","statementMap":{"0":{"start":{"line":6,"column":13},"end":{"line":37,"column":1}},"1":{"start":{"line":7,"column":19},"end":{"line":7,"column":32}},"2":{"start":{"line":8,"column":22},"end":{"line":10,"column":3}},"3":{"start":{"line":9,"column":4},"end":{"line":9,"column":34}},"4":{"start":{"line":11,"column":2},"end":{"line":36,"column":4}},"5":{"start":{"line":39,"column":0},"end":{"line":42,"column":1}}},"fnMap":{"0":{"name":"(anonymous_0)","decl":{"start":{"line":6,"column":13},"end":{"line":6,"column":14}},"loc":{"start":{"line":6,"column":36},"end":{"line":37,"column":1}},"line":6},"1":{"name":"(anonymous_1)","decl":{"start":{"line":8,"column":22},"end":{"line":8,"column":23}},"loc":{"start":{"line":8,"column":28},"end":{"line":10,"column":3}},"line":8}},"branchMap":{},"s":{"0":1,"1":2,"2":2,"3":1,"4":2,"5":1},"f":{"0":2,"1":1},"b":{},"_coverageSchema":"1a1c01bbd47fc00a2c39e90264f33305004495a9","hash":"95047f6f173be87608f79e4a84979921d06beb0e"}
,"E:\\MySkill\\Lumoshive\\Bootcamp\\projects\\project8\\lumoshive-blog\\src\\components\\CardSkeleton.jsx": {"path":"E:\\MySkill\\Lumoshive\\Bootcamp\\projects\\project8\\lumoshive-blog\\src\\components\\CardSkeleton.jsx","statementMap":{"0":{"start":{"line":3,"column":21},"end":{"line":21,"column":1}},"1":{"start":{"line":4,"column":2},"end":{"line":20,"column":3}}},"fnMap":{"0":{"name":"(anonymous_0)","decl":{"start":{"line":3,"column":21},"end":{"line":3,"column":22}},"loc":{"start":{"line":3,"column":27},"end":{"line":21,"column":1}},"line":3}},"branchMap":{},"s":{"0":1,"1":1},"f":{"0":1},"b":{},"_coverageSchema":"1a1c01bbd47fc00a2c39e90264f33305004495a9","hash":"e9de156e41a7f8e949f74751e81b1b4c11d9e1e6"}
,"E:\\MySkill\\Lumoshive\\Bootcamp\\projects\\project8\\lumoshive-blog\\src\\components\\MyHelmet.jsx": {"path":"E:\\MySkill\\Lumoshive\\Bootcamp\\projects\\project8\\lumoshive-blog\\src\\components\\MyHelmet.jsx","statementMap":{"0":{"start":{"line":6,"column":17},"end":{"line":27,"column":1}},"1":{"start":{"line":7,"column":19},"end":{"line":7,"column":32}},"2":{"start":{"line":8,"column":15},"end":{"line":8,"column":96}},"3":{"start":{"line":9,"column":2},"end":{"line":26,"column":4}},"4":{"start":{"line":28,"column":0},"end":{"line":33,"column":2}}},"fnMap":{"0":{"name":"(anonymous_0)","decl":{"start":{"line":6,"column":17},"end":{"line":6,"column":18}},"loc":{"start":{"line":6,"column":51},"end":{"line":27,"column":1}},"line":6}},"branchMap":{},"s":{"0":1,"1":1,"2":1,"3":1,"4":1},"f":{"0":1},"b":{},"_coverageSchema":"1a1c01bbd47fc00a2c39e90264f33305004495a9","hash":"d89e112cfa38383c248e506bd1db1d6d89afa79a"}
,"E:\\MySkill\\Lumoshive\\Bootcamp\\projects\\project8\\lumoshive-blog\\src\\components\\SubscribeForm.jsx": {"path":"E:\\MySkill\\Lumoshive\\Bootcamp\\projects\\project8\\lumoshive-blog\\src\\components\\SubscribeForm.jsx","statementMap":{"0":{"start":{"line":6,"column":22},"end":{"line":65,"column":1}},"1":{"start":{"line":7,"column":19},"end":{"line":7,"column":32}},"2":{"start":{"line":8,"column":53},"end":{"line":10,"column":3}},"3":{"start":{"line":9,"column":15},"end":{"line":9,"column":30}},"4":{"start":{"line":12,"column":28},"end":{"line":12,"column":40}},"5":{"start":{"line":13,"column":23},"end":{"line":17,"column":3}},"6":{"start":{"line":14,"column":4},"end":{"line":14,"column":23}},"7":{"start":{"line":15,"column":21},"end":{"line":15,"column":46}},"8":{"start":{"line":16,"column":4},"end":{"line":16,"column":45}},"9":{"start":{"line":19,"column":2},"end":{"line":23,"column":18}},"10":{"start":{"line":20,"column":4},"end":{"line":22,"column":5}},"11":{"start":{"line":21,"column":6},"end":{"line":21,"column":19}},"12":{"start":{"line":25,"column":2},"end":{"line":64,"column":4}},"13":{"start":{"line":35,"column":29},"end":{"line":35,"column":44}},"14":{"start":{"line":46,"column":29},"end":{"line":46,"column":53}}},"fnMap":{"0":{"name":"(anonymous_0)","decl":{"start":{"line":6,"column":22},"end":{"line":6,"column":23}},"loc":{"start":{"line":6,"column":28},"end":{"line":65,"column":1}},"line":6},"1":{"name":"(anonymous_1)","decl":{"start":{"line":9,"column":4},"end":{"line":9,"column":5}},"loc":{"start":{"line":9,"column":15},"end":{"line":9,"column":30}},"line":9},"2":{"name":"(anonymous_2)","decl":{"start":{"line":13,"column":23},"end":{"line":13,"column":24}},"loc":{"start":{"line":13,"column":30},"end":{"line":17,"column":3}},"line":13},"3":{"name":"(anonymous_3)","decl":{"start":{"line":19,"column":12},"end":{"line":19,"column":13}},"loc":{"start":{"line":19,"column":18},"end":{"line":23,"column":3}},"line":19},"4":{"name":"(anonymous_4)","decl":{"start":{"line":35,"column":22},"end":{"line":35,"column":23}},"loc":{"start":{"line":35,"column":29},"end":{"line":35,"column":44}},"line":35},"5":{"name":"(anonymous_5)","decl":{"start":{"line":46,"column":22},"end":{"line":46,"column":23}},"loc":{"start":{"line":46,"column":29},"end":{"line":46,"column":53}},"line":46}},"branchMap":{"0":{"loc":{"start":{"line":20,"column":4},"end":{"line":22,"column":5}},"type":"if","locations":[{"start":{"line":20,"column":4},"end":{"line":22,"column":5}},{"start":{},"end":{}}],"line":20},"1":{"loc":{"start":{"line":58,"column":9},"end":{"line":58,"column":69}},"type":"binary-expr","locations":[{"start":{"line":58,"column":9},"end":{"line":58,"column":16}},{"start":{"line":58,"column":20},"end":{"line":58,"column":69}}],"line":58}},"s":{"0":1,"1":18,"2":18,"3":20,"4":18,"5":18,"6":0,"7":0,"8":0,"9":18,"10":2,"11":0,"12":18,"13":0,"14":16},"f":{"0":18,"1":20,"2":0,"3":2,"4":0,"5":16},"b":{"0":[0,2],"1":[18,0]},"_coverageSchema":"1a1c01bbd47fc00a2c39e90264f33305004495a9","hash":"fc3ceae06434961e16c499dd309abf43a2c1ee5c"}
,"E:\\MySkill\\Lumoshive\\Bootcamp\\projects\\project8\\lumoshive-blog\\src\\redux\\store.js": {"path":"E:\\MySkill\\Lumoshive\\Bootcamp\\projects\\project8\\lumoshive-blog\\src\\redux\\store.js","statementMap":{"0":{"start":{"line":6,"column":14},"end":{"line":13,"column":2}},"1":{"start":{"line":12,"column":42},"end":{"line":12,"column":96}}},"fnMap":{"0":{"name":"(anonymous_0)","decl":{"start":{"line":12,"column":16},"end":{"line":12,"column":17}},"loc":{"start":{"line":12,"column":42},"end":{"line":12,"column":96}},"line":12}},"branchMap":{},"s":{"0":1,"1":1},"f":{"0":1},"b":{},"_coverageSchema":"1a1c01bbd47fc00a2c39e90264f33305004495a9","hash":"815ca5d58a0debb690751c52fbcbcb2aa3478166"}
,"E:\\MySkill\\Lumoshive\\Bootcamp\\projects\\project8\\lumoshive-blog\\src\\redux\\slices\\blogSlice.js": {"path":"E:\\MySkill\\Lumoshive\\Bootcamp\\projects\\project8\\lumoshive-blog\\src\\redux\\slices\\blogSlice.js","statementMap":{"0":{"start":{"line":3,"column":28},"end":{"line":19,"column":2}},"1":{"start":{"line":8,"column":27},"end":{"line":18,"column":3}},"2":{"start":{"line":10,"column":19},"end":{"line":10,"column":33}},"3":{"start":{"line":13,"column":23},"end":{"line":13,"column":48}},"4":{"start":{"line":16,"column":22},"end":{"line":16,"column":37}},"5":{"start":{"line":20,"column":81},"end":{"line":20,"column":93}}},"fnMap":{"0":{"name":"(anonymous_0)","decl":{"start":{"line":8,"column":13},"end":{"line":8,"column":14}},"loc":{"start":{"line":8,"column":27},"end":{"line":18,"column":3}},"line":8},"1":{"name":"(anonymous_1)","decl":{"start":{"line":10,"column":13},"end":{"line":10,"column":14}},"loc":{"start":{"line":10,"column":19},"end":{"line":10,"column":33}},"line":10},"2":{"name":"(anonymous_2)","decl":{"start":{"line":13,"column":13},"end":{"line":13,"column":14}},"loc":{"start":{"line":13,"column":23},"end":{"line":13,"column":48}},"line":13},"3":{"name":"(anonymous_3)","decl":{"start":{"line":16,"column":13},"end":{"line":16,"column":14}},"loc":{"start":{"line":16,"column":22},"end":{"line":16,"column":37}},"line":16}},"branchMap":{},"s":{"0":1,"1":1,"2":0,"3":0,"4":0,"5":1},"f":{"0":1,"1":0,"2":0,"3":0},"b":{},"_coverageSchema":"1a1c01bbd47fc00a2c39e90264f33305004495a9","hash":"f8a5f6654cf321748e929768811e863bd32b0cff"}
,"E:\\MySkill\\Lumoshive\\Bootcamp\\projects\\project8\\lumoshive-blog\\src\\redux\\slices\\subscribeSlice.js": {"path":"E:\\MySkill\\Lumoshive\\Bootcamp\\projects\\project8\\lumoshive-blog\\src\\redux\\slices\\subscribeSlice.js","statementMap":{"0":{"start":{"line":4,"column":21},"end":{"line":9,"column":1}},"1":{"start":{"line":11,"column":16},"end":{"line":11,"column":68}},"2":{"start":{"line":13,"column":25},"end":{"line":25,"column":1}},"3":{"start":{"line":16,"column":4},"end":{"line":23,"column":5}},"4":{"start":{"line":17,"column":23},"end":{"line":17,"column":69}},"5":{"start":{"line":18,"column":6},"end":{"line":18,"column":27}},"6":{"start":{"line":20,"column":6},"end":{"line":22,"column":7}},"7":{"start":{"line":21,"column":8},"end":{"line":21,"column":60}},"8":{"start":{"line":27,"column":23},"end":{"line":50,"column":2}},"9":{"start":{"line":31,"column":4},"end":{"line":48,"column":9}},"10":{"start":{"line":32,"column":6},"end":{"line":32,"column":29}},"11":{"start":{"line":33,"column":6},"end":{"line":33,"column":28}},"12":{"start":{"line":34,"column":6},"end":{"line":34,"column":25}},"13":{"start":{"line":35,"column":6},"end":{"line":35,"column":30}},"14":{"start":{"line":38,"column":8},"end":{"line":38,"column":32}},"15":{"start":{"line":39,"column":8},"end":{"line":39,"column":30}},"16":{"start":{"line":40,"column":8},"end":{"line":40,"column":39}},"17":{"start":{"line":41,"column":8},"end":{"line":41,"column":31}},"18":{"start":{"line":44,"column":8},"end":{"line":44,"column":32}},"19":{"start":{"line":45,"column":8},"end":{"line":45,"column":29}},"20":{"start":{"line":46,"column":8},"end":{"line":46,"column":39}},"21":{"start":{"line":47,"column":8},"end":{"line":47,"column":32}}},"fnMap":{"0":{"name":"(anonymous_0)","decl":{"start":{"line":15,"column":2},"end":{"line":15,"column":3}},"loc":{"start":{"line":15,"column":39},"end":{"line":24,"column":3}},"line":15},"1":{"name":"(anonymous_1)","decl":{"start":{"line":30,"column":17},"end":{"line":30,"column":18}},"loc":{"start":{"line":30,"column":30},"end":{"line":49,"column":3}},"line":30},"2":{"name":"(anonymous_2)","decl":{"start":{"line":31,"column":39},"end":{"line":31,"column":40}},"loc":{"start":{"line":31,"column":50},"end":{"line":36,"column":5}},"line":31},"3":{"name":"(anonymous_3)","decl":{"start":{"line":37,"column":43},"end":{"line":37,"column":44}},"loc":{"start":{"line":37,"column":62},"end":{"line":42,"column":7}},"line":37},"4":{"name":"(anonymous_4)","decl":{"start":{"line":43,"column":42},"end":{"line":43,"column":43}},"loc":{"start":{"line":43,"column":61},"end":{"line":48,"column":7}},"line":43}},"branchMap":{"0":{"loc":{"start":{"line":20,"column":6},"end":{"line":22,"column":7}},"type":"if","locations":[{"start":{"line":20,"column":6},"end":{"line":22,"column":7}},{"start":{},"end":{}}],"line":20}},"s":{"0":1,"1":1,"2":1,"3":0,"4":0,"5":0,"6":0,"7":0,"8":1,"9":1,"10":0,"11":0,"12":0,"13":0,"14":0,"15":0,"16":0,"17":0,"18":0,"19":0,"20":0,"21":0},"f":{"0":0,"1":1,"2":0,"3":0,"4":0},"b":{"0":[0,0]},"_coverageSchema":"1a1c01bbd47fc00a2c39e90264f33305004495a9","hash":"1c8565b3c4f98f286cf2e656522849177b45959a"}
,"E:\\MySkill\\Lumoshive\\Bootcamp\\projects\\project8\\lumoshive-blog\\src\\redux\\slices\\themeSlice.js": {"path":"E:\\MySkill\\Lumoshive\\Bootcamp\\projects\\project8\\lumoshive-blog\\src\\redux\\slices\\themeSlice.js","statementMap":{"0":{"start":{"line":4,"column":21},"end":{"line":6,"column":1}},"1":{"start":{"line":8,"column":19},"end":{"line":16,"column":2}},"2":{"start":{"line":13,"column":12},"end":{"line":13,"column":41}},"3":{"start":{"line":18,"column":31},"end":{"line":18,"column":49}}},"fnMap":{"0":{"name":"(anonymous_0)","decl":{"start":{"line":12,"column":21},"end":{"line":12,"column":22}},"loc":{"start":{"line":12,"column":32},"end":{"line":14,"column":9}},"line":12}},"branchMap":{},"s":{"0":1,"1":1,"2":0,"3":1},"f":{"0":0},"b":{},"_coverageSchema":"1a1c01bbd47fc00a2c39e90264f33305004495a9","hash":"1ff6936d446c19ca8a556d11b82eb4fd0d7182ee"}
}
